<?xml version="1.0" encoding="UTF-8"?>
<!-- Generated by org.testng.reporters.JUnitXMLReporter -->
<testsuite hostname="DESKTOP-N474VGJ" ignored="0" name="Default test" tests="17" failures="0" timestamp="2021-09-08T10:23:28 IST" time="323.73" errors="0">
  <testcase name="shopbybrand" time="7.978" classname="com.rogansshoes.qa.testcases.HomePageTest"/>
  <testcase name="womensshoes" time="5.635" classname="com.rogansshoes.qa.testcases.HomePageTest"/>
  <testcase name="mensshoes" time="5.037" classname="com.rogansshoes.qa.testcases.HomePageTest"/>
  <testcase name="kidsshoes" time="3.544" classname="com.rogansshoes.qa.testcases.HomePageTest"/>
  <testcase name="clothandassc" time="4.872" classname="com.rogansshoes.qa.testcases.HomePageTest"/>
  <testcase name="contactus" time="1.211" classname="com.rogansshoes.qa.testcases.HomePageTest"/>
  <testcase name="faq" time="1.207" classname="com.rogansshoes.qa.testcases.HomePageTest"/>
  <testcase name="mobileworkshoe" time="2.521" classname="com.rogansshoes.qa.testcases.HomePageTest"/>
  <testcase name="instagram" time="0.19" classname="com.rogansshoes.qa.testcases.HomePageTest"/>
  <testcase name="twitter" time="0.169" classname="com.rogansshoes.qa.testcases.HomePageTest"/>
  <testcase name="facebook" time="0.16" classname="com.rogansshoes.qa.testcases.HomePageTest"/>
  <testcase name="pinterest" time="0.274" classname="com.rogansshoes.qa.testcases.HomePageTest"/>
  <testcase name="storesafety" time="0.874" classname="com.rogansshoes.qa.testcases.HomePageTest"/>
  <testcase name="buyonline" time="0.929" classname="com.rogansshoes.qa.testcases.HomePageTest"/>
  <testcase name="storeinformation" time="1.85" classname="com.rogansshoes.qa.testcases.HomePageTest"/>
  <testcase name="employment" time="2.083" classname="com.rogansshoes.qa.testcases.HomePageTest"/>
  <testcase name="homecat" time="33.822" classname="com.rogansshoes.qa.testcases.HomePageTest"/>
</testsuite> <!-- Default test -->
