<?xml version="1.0" encoding="UTF-8"?>
<testng-results skipped="0" failed="0" ignored="0" total="1" passed="1">
  <reporter-output>
  </reporter-output>
  <suite name="Default suite" duration-ms="51957" started-at="2021-09-02T07:14:07 IST" finished-at="2021-09-02T07:14:59 IST">
    <groups>
    </groups>
    <test name="Default test" duration-ms="51957" started-at="2021-09-02T07:14:07 IST" finished-at="2021-09-02T07:14:59 IST">
      <class name="com.rogansshoes.qa.testcases.HomePageTest">
        <test-method status="PASS" signature="Setup()[pri:0, instance:com.rogansshoes.qa.testcases.HomePageTest@543c6f6d]" name="Setup" is-config="true" duration-ms="16783" started-at="2021-09-02T07:14:07 IST" finished-at="2021-09-02T07:14:24 IST">
          <reporter-output>
          </reporter-output>
        </test-method> <!-- Setup -->
        <test-method status="PASS" signature="homecat()[pri:0, instance:com.rogansshoes.qa.testcases.HomePageTest@543c6f6d]" name="homecat" duration-ms="35081" started-at="2021-09-02T07:14:24 IST" finished-at="2021-09-02T07:14:59 IST">
          <reporter-output>
          </reporter-output>
        </test-method> <!-- homecat -->
      </class> <!-- com.rogansshoes.qa.testcases.HomePageTest -->
    </test> <!-- Default test -->
  </suite> <!-- Default suite -->
</testng-results>
